WARNING: All log messages before absl::InitializeLog() is called are written to STDERR
E0000 00:00:1771346599.052672 2711055 cuda_dnn.cc:8579] Unable to register cuDNN factory: Attempting to register factory for plugin cuDNN when one has already been registered
E0000 00:00:1771346599.155616 2711055 cuda_blas.cc:1407] Unable to register cuBLAS factory: Attempting to register factory for plugin cuBLAS when one has already been registered
W0000 00:00:1771346600.388114 2711055 computation_placer.cc:177] computation placer already registered. Please check linkage and avoid linking the same target more than once.
W0000 00:00:1771346600.388150 2711055 computation_placer.cc:177] computation placer already registered. Please check linkage and avoid linking the same target more than once.
W0000 00:00:1771346600.388153 2711055 computation_placer.cc:177] computation placer already registered. Please check linkage and avoid linking the same target more than once.
W0000 00:00:1771346600.388155 2711055 computation_placer.cc:177] computation placer already registered. Please check linkage and avoid linking the same target more than once.
usage: colabfold_batch [-h] [--msa-only]
                       [--msa-mode {mmseqs2_uniref_env,mmseqs2_uniref_env_envpair,mmseqs2_uniref,single_sequence}]
                       [--pair-mode {unpaired,paired,unpaired_paired}]
                       [--pair-strategy {complete,greedy}] [--templates]
                       [--custom-template-path CUSTOM_TEMPLATE_PATH]
                       [--max-template-date MAX_TEMPLATE_DATE]
                       [--max-template-hits MAX_TEMPLATE_HITS]
                       [--pdb-hit-file PDB_HIT_FILE]
                       [--local-pdb-path LOCAL_PDB_PATH]
                       [--num-recycle NUM_RECYCLE]
                       [--recycle-early-stop-tolerance RECYCLE_EARLY_STOP_TOLERANCE]
                       [--num-ensemble NUM_ENSEMBLE] [--num-seeds NUM_SEEDS]
                       [--random-seed RANDOM_SEED] [--num-models {1,2,3,4,5}]
                       [--model-type {auto,alphafold2,alphafold2_ptm,alphafold2_multimer_v1,alphafold2_multimer_v2,alphafold2_multimer_v3,deepfold_v1}]
                       [--model-order MODEL_ORDER]
                       [--initial-guess [INITIAL_GUESS]] [--use-dropout]
                       [--max-seq MAX_SEQ] [--max-extra-seq MAX_EXTRA_SEQ]
                       [--max-msa MAX_MSA] [--disable-cluster-profile]
                       [--calc-extra-ptm] [--no-use-probs-extra] [--data DATA]
                       [--amber] [--num-relax NUM_RELAX]
                       [--relax-max-iterations RELAX_MAX_ITERATIONS]
                       [--relax-tolerance RELAX_TOLERANCE]
                       [--relax-stiffness RELAX_STIFFNESS]
                       [--relax-max-outer-iterations RELAX_MAX_OUTER_ITERATIONS]
                       [--use-gpu-relax]
                       [--rank {auto,plddt,ptm,iptm,multimer}]
                       [--stop-at-score STOP_AT_SCORE]
                       [--jobname-prefix JOBNAME_PREFIX] [--save-all]
                       [--save-recycles] [--save-single-representations]
                       [--save-pair-representations]
                       [--overwrite-existing-results] [--zip]
                       [--sort-queries-by {none,length,random}]
                       [--host-url HOST_URL] [--disable-unified-memory]
                       [--recompile-padding RECOMPILE_PADDING]
                       [--debug-logging] [--af3-json]
                       input results
colabfold_batch: error: unrecognized arguments: /hps/nobackup/agb/research/francesco/data/colabfold/20240226_databases
